[28-Feb-2018 14:49:26 Europe/Budapest] PHP Warning:  Cannot modify header information - headers already sent by (output started at /home/eloboostking/public_html/boostpanel/listener.php:1) in /home/eloboostking/public_html/boostpanel/assets/class/PaypalIPN.php on line 300
[28-Feb-2018 14:49:26 Europe/Budapest] Invalid HTTP request method.
[05-Mar-2018 18:26:02 Europe/Budapest] PHP Warning:  Cannot modify header information - headers already sent by (output started at /home/eloboostking/public_html/boostpanel/listener.php:1) in /home/eloboostking/public_html/boostpanel/assets/class/PaypalIPN.php on line 300
[05-Mar-2018 18:26:02 Europe/Budapest] Invalid HTTP request method.
[10-Mar-2018 19:42:25 Europe/Budapest] PHP Warning:  Cannot modify header information - headers already sent by (output started at /home/eloboostking/public_html/boostpanel/listener.php:1) in /home/eloboostking/public_html/boostpanel/assets/class/PaypalIPN.php on line 300
[10-Mar-2018 19:42:25 Europe/Budapest] Invalid HTTP request method.
[12-Mar-2018 18:03:56 Europe/Budapest] PHP Warning:  Cannot modify header information - headers already sent by (output started at /home/eloboostking/public_html/boostpanel/listener.php:1) in /home/eloboostking/public_html/boostpanel/assets/class/PaypalIPN.php on line 300
[12-Mar-2018 18:03:56 Europe/Budapest] Invalid HTTP request method.
[24-Mar-2018 21:42:06 Europe/Budapest] PHP Warning:  Cannot modify header information - headers already sent by (output started at /home/eloboostking/public_html/boostpanel/listener.php:1) in /home/eloboostking/public_html/boostpanel/assets/class/PaypalIPN.php on line 300
[24-Mar-2018 21:42:06 Europe/Budapest] Invalid HTTP request method.
[24-Mar-2018 21:42:08 Europe/Budapest] PHP Warning:  Cannot modify header information - headers already sent by (output started at /home/eloboostking/public_html/boostpanel/listener.php:1) in /home/eloboostking/public_html/boostpanel/assets/class/PaypalIPN.php on line 300
[24-Mar-2018 21:42:08 Europe/Budapest] Invalid HTTP request method.
[24-Mar-2018 21:50:52 Europe/Budapest] PHP Fatal error:  Uncaught Error: Call to a member function query() on null in /home/eloboostking/public_html/boostpanel/listener.php:36
Stack trace:
#0 {main}
  thrown in /home/eloboostking/public_html/boostpanel/listener.php on line 36
[24-Mar-2018 21:51:30 Europe/Budapest] PHP Warning:  Cannot modify header information - headers already sent by (output started at /home/eloboostking/public_html/boostpanel/listener.php:1) in /home/eloboostking/public_html/boostpanel/assets/class/PaypalIPN.php on line 300
[24-Mar-2018 21:51:30 Europe/Budapest] Invalid HTTP request method.
[24-Mar-2018 21:52:02 Europe/Budapest] PHP Warning:  Cannot modify header information - headers already sent by (output started at /home/eloboostking/public_html/boostpanel/listener.php:1) in /home/eloboostking/public_html/boostpanel/assets/class/PaypalIPN.php on line 300
[24-Mar-2018 21:52:02 Europe/Budapest] Invalid HTTP request method.
[24-Mar-2018 21:52:11 Europe/Budapest] PHP Warning:  Cannot modify header information - headers already sent by (output started at /home/eloboostking/public_html/boostpanel/listener.php:1) in /home/eloboostking/public_html/boostpanel/assets/class/PaypalIPN.php on line 300
[24-Mar-2018 21:52:11 Europe/Budapest] Invalid HTTP request method.
[24-Mar-2018 21:52:23 Europe/Budapest] PHP Warning:  Cannot modify header information - headers already sent by (output started at /home/eloboostking/public_html/boostpanel/listener.php:1) in /home/eloboostking/public_html/boostpanel/assets/class/PaypalIPN.php on line 300
[24-Mar-2018 21:52:23 Europe/Budapest] Invalid HTTP request method.
[24-Mar-2018 21:52:51 Europe/Budapest] PHP Warning:  Cannot modify header information - headers already sent by (output started at /home/eloboostking/public_html/boostpanel/listener.php:1) in /home/eloboostking/public_html/boostpanel/assets/class/PaypalIPN.php on line 300
[24-Mar-2018 21:52:51 Europe/Budapest] Invalid HTTP request method.
[24-Mar-2018 21:55:28 Europe/Budapest] PHP Warning:  Cannot modify header information - headers already sent by (output started at /home/eloboostking/public_html/boostpanel/listener.php:1) in /home/eloboostking/public_html/boostpanel/assets/class/PaypalIPN.php on line 300
[24-Mar-2018 21:55:28 Europe/Budapest] Invalid HTTP request method.
[24-Mar-2018 21:57:30 Europe/Budapest] PHP Warning:  Cannot modify header information - headers already sent by (output started at /home/eloboostking/public_html/boostpanel/listener.php:1) in /home/eloboostking/public_html/boostpanel/assets/class/PaypalIPN.php on line 300
[24-Mar-2018 21:57:30 Europe/Budapest] Invalid HTTP request method.
[24-Mar-2018 21:57:55 Europe/Budapest] PHP Warning:  Cannot modify header information - headers already sent by (output started at /home/eloboostking/public_html/boostpanel/listener.php:1) in /home/eloboostking/public_html/boostpanel/assets/class/PaypalIPN.php on line 300
[24-Mar-2018 21:57:55 Europe/Budapest] Invalid HTTP request method.
[24-Mar-2018 21:59:32 Europe/Budapest] PHP Warning:  Cannot modify header information - headers already sent by (output started at /home/eloboostking/public_html/boostpanel/listener.php:1) in /home/eloboostking/public_html/boostpanel/assets/class/PaypalIPN.php on line 300
[24-Mar-2018 21:59:32 Europe/Budapest] Invalid HTTP request method.
[24-Mar-2018 22:00:40 Europe/Budapest] PHP Warning:  Cannot modify header information - headers already sent by (output started at /home/eloboostking/public_html/boostpanel/listener.php:1) in /home/eloboostking/public_html/boostpanel/assets/class/PaypalIPN.php on line 300
[24-Mar-2018 22:00:40 Europe/Budapest] Invalid HTTP request method.
[24-Mar-2018 22:01:01 Europe/Budapest] PHP Warning:  Cannot modify header information - headers already sent by (output started at /home/eloboostking/public_html/boostpanel/listener.php:1) in /home/eloboostking/public_html/boostpanel/assets/class/PaypalIPN.php on line 300
[24-Mar-2018 22:01:01 Europe/Budapest] Invalid HTTP request method.
[24-Mar-2018 22:01:44 Europe/Budapest] PHP Warning:  Cannot modify header information - headers already sent by (output started at /home/eloboostking/public_html/boostpanel/listener.php:1) in /home/eloboostking/public_html/boostpanel/assets/class/PaypalIPN.php on line 300
[24-Mar-2018 22:01:44 Europe/Budapest] Invalid HTTP request method.
[24-Mar-2018 22:11:40 Europe/Budapest] PHP Warning:  Cannot modify header information - headers already sent by (output started at /home/eloboostking/public_html/boostpanel/listener.php:1) in /home/eloboostking/public_html/boostpanel/assets/class/PaypalIPN.php on line 300
[24-Mar-2018 22:11:40 Europe/Budapest] Invalid HTTP request method.
[24-Mar-2018 22:35:28 Europe/Budapest] PHP Warning:  Cannot modify header information - headers already sent by (output started at /home/eloboostking/public_html/boostpanel/listener.php:1) in /home/eloboostking/public_html/boostpanel/assets/class/PaypalIPN.php on line 300
[24-Mar-2018 22:35:28 Europe/Budapest] Invalid HTTP request method.
[21-Oct-2018 04:14:19 UTC] PHP Warning:  Cannot modify header information - headers already sent by (output started at /home/topleagueboost/public_html/boostpanel/listener.php:1) in /home/topleagueboost/public_html/boostpanel/assets/class/PaypalIPN.php on line 300
[21-Oct-2018 04:14:19 UTC] Invalid HTTP request method.
[22-Jan-2019 01:46:09 UTC] PHP Warning:  Cannot modify header information - headers already sent by (output started at /home/topleagueboost/public_html/boostpanel/listener.php:1) in /home/topleagueboost/public_html/boostpanel/assets/class/PaypalIPN.php on line 300
[22-Jan-2019 01:46:09 UTC] Invalid HTTP request method.
[04-May-2019 03:27:04 UTC] PHP Warning:  Cannot modify header information - headers already sent by (output started at /home/topleagueboost/public_html/boostpanel/listener.php:1) in /home/topleagueboost/public_html/boostpanel/assets/class/PaypalIPN.php on line 300
[04-May-2019 03:27:04 UTC] Invalid HTTP request method.
[29-Jul-2019 02:23:58 UTC] PHP Warning:  Cannot modify header information - headers already sent by (output started at /home/topleagueboost/public_html/boostpanel/listener.php:1) in /home/topleagueboost/public_html/boostpanel/assets/class/PaypalIPN.php on line 300
[29-Jul-2019 02:23:58 UTC] Invalid HTTP request method.
[20-Sep-2019 12:58:19 UTC] PHP Warning:  Cannot modify header information - headers already sent by (output started at /home/topleagueboost/public_html/boostpanel/listener.php:1) in /home/topleagueboost/public_html/boostpanel/assets/class/PaypalIPN.php on line 300
[20-Sep-2019 12:58:19 UTC] Invalid HTTP request method.
[23-Dec-2019 06:59:25 UTC] PHP Warning:  Cannot modify header information - headers already sent by (output started at /home/topleagueboost/public_html/boostpanel/listener.php:1) in /home/topleagueboost/public_html/boostpanel/assets/class/PaypalIPN.php on line 300
[23-Dec-2019 06:59:25 UTC] Invalid HTTP request method.
[28-Feb-2020 22:05:14 UTC] PHP Warning:  Cannot modify header information - headers already sent by (output started at /home/topleagueboost/public_html/boostpanel/listener.php:1) in /home/topleagueboost/public_html/boostpanel/assets/class/PaypalIPN.php on line 300
[28-Feb-2020 22:05:14 UTC] Invalid HTTP request method.
[23-Nov-2020 10:06:13 UTC] PHP Fatal error:  Uncaught Error: Class 'PaypalIPN' not found in /home/topleagueboost/public_html/boostpanel/skrill-listener.php:9
Stack trace:
#0 {main}
  thrown in /home/topleagueboost/public_html/boostpanel/skrill-listener.php on line 9
[23-Nov-2020 10:07:28 UTC] PHP Warning:  fwrite() expects parameter 2 to be string, array given in /home/topleagueboost/public_html/boostpanel/skrill-listener.php on line 29
[06-Jan-2021 09:09:38 Europe/Berlin] Invalid HTTP request method.
